<?xml version="1.0" encoding="UTF-8"?>
<testsuite name="com.example.hoconeditor.HoconFileServiceTest" tests="2" skipped="0" failures="0" errors="0" timestamp="2026-03-14T22:11:29" hostname="17980efad1a2" time="0.028">
  <properties/>
  <testcase name="loadNonExistentThrows()" classname="com.example.hoconeditor.HoconFileServiceTest" time="0.016"/>
  <testcase name="loadExistingSample()" classname="com.example.hoconeditor.HoconFileServiceTest" time="0.009"/>
  <system-out><![CDATA[]]></system-out>
  <system-err><![CDATA[]]></system-err>
</testsuite>
