<?xml version="1.0" encoding="UTF-8"?>
<testsuite name="com.example.hoconeditor.ApiControllerTest" tests="6" skipped="0" failures="0" errors="0" timestamp="2026-03-14T22:11:26" hostname="17980efad1a2" time="3.604">
  <properties/>
  <testcase name="getStepTypeNotFound()" classname="com.example.hoconeditor.ApiControllerTest" time="2.793"/>
  <testcase name="loadSample()" classname="com.example.hoconeditor.ApiControllerTest" time="0.203"/>
  <testcase name="validateProcess()" classname="com.example.hoconeditor.ApiControllerTest" time="0.472"/>
  <testcase name="getStepTypeWithFields()" classname="com.example.hoconeditor.ApiControllerTest" time="0.077"/>
  <testcase name="saveProcess()" classname="com.example.hoconeditor.ApiControllerTest" time="0.012"/>
  <testcase name="listStepTypes()" classname="com.example.hoconeditor.ApiControllerTest" time="0.02"/>
  <system-out><![CDATA[01:11:19.330 [Test worker] INFO org.springframework.test.context.support.AnnotationConfigContextLoaderUtils -- Could not detect default configuration classes for test class [com.example.hoconeditor.ApiControllerTest]: ApiControllerTest does not declare any static, non-private, non-final, nested classes annotated with @Configuration.
01:11:20.092 [Test worker] INFO org.springframework.boot.test.context.SpringBootTestContextBootstrapper -- Found @SpringBootConfiguration com.example.hoconeditor.HoconEditorApplication for test class com.example.hoconeditor.ApiControllerTest

  .   ____          _            __ _ _
 /\\ / ___'_ __ _ _(_)_ __  __ _ \ \ \ \
( ( )\___ | '_ | '_| | '_ \/ _` | \ \ \ \
 \\/  ___)| |_)| | | | | || (_| |  ) ) ) )
  '  |____| .__|_| |_|_| |_\__, | / / / /
 =========|_|==============|___/=/_/_/_/

 :: Spring Boot ::                (v3.4.3)

2026-03-15T01:11:22.012+03:00  INFO 1872022 --- [    Test worker] c.example.hoconeditor.ApiControllerTest  : Starting ApiControllerTest using Java 21.0.10 with PID 1872022 (started by coder in /home/coder/HOCON_UI/hocon-editor)
2026-03-15T01:11:22.016+03:00  INFO 1872022 --- [    Test worker] c.example.hoconeditor.ApiControllerTest  : No active profile set, falling back to 1 default profile: "default"
2026-03-15T01:11:25.821+03:00  INFO 1872022 --- [    Test worker] o.s.b.t.m.w.SpringBootMockServletContext : Initializing Spring TestDispatcherServlet ''
2026-03-15T01:11:25.822+03:00  INFO 1872022 --- [    Test worker] o.s.t.web.servlet.TestDispatcherServlet  : Initializing Servlet ''
2026-03-15T01:11:25.824+03:00  INFO 1872022 --- [    Test worker] o.s.t.web.servlet.TestDispatcherServlet  : Completed initialization in 1 ms
2026-03-15T01:11:25.985+03:00  INFO 1872022 --- [    Test worker] c.example.hoconeditor.ApiControllerTest  : Started ApiControllerTest in 5.198 seconds (process running for 10.976)
]]></system-out>
  <system-err><![CDATA[Mockito is currently self-attaching to enable the inline-mock-maker. This will no longer work in future releases of the JDK. Please add Mockito as an agent to your build what is described in Mockito's documentation: https://javadoc.io/doc/org.mockito/mockito-core/latest/org/mockito/Mockito.html#0.3
WARNING: A Java agent has been loaded dynamically (/home/coder/.gradle/caches/modules-2/files-2.1/net.bytebuddy/byte-buddy-agent/1.15.11/a38b16385e867f59a641330f0362ebe742788ed8/byte-buddy-agent-1.15.11.jar)
WARNING: If a serviceability tool is in use, please run with -XX:+EnableDynamicAgentLoading to hide this warning
WARNING: If a serviceability tool is not in use, please run with -Djdk.instrument.traceUsage for more information
WARNING: Dynamic loading of agents will be disallowed by default in a future release
]]></system-err>
</testsuite>
